=================================
FILE: errors/arrays/001.ura

// errors/arrays/001 — array of unknown element type
use "@/header"

main():
    arr array[Widget] = stack[Widget](3)
    output("hi\n")

--- output ---
[1m[0;31merror: [0munknown type 'Widget' in array element type
  [1m[34m-->[0m /Users/hrimamohammed/Desktop/personal/ura-lang/src/tests/errors/arrays/001.ura:5:15
  [1m[34m|[0m
[1m[34m5 |[0m     arr array[Widget] = stack[Widget](3)
  [1m[34m|[0m               [1;31m^^^^^^[0m

exit: 1
=================================
FILE: errors/arrays/002.ura

// errors/arrays/002 — `stack` missing element type
use "@/header"

main():
    arr array[int] = stack[](3)
    output("hi\n")

--- output ---
[1m[0;31merror: [0mexpected element type after STACK[
  [1m[34m-->[0m /Users/hrimamohammed/Desktop/personal/ura-lang/src/tests/errors/arrays/002.ura:5:22
  [1m[34m|[0m
[1m[34m5 |[0m     arr array[int] = stack[](3)
  [1m[34m|[0m                      [1;31m^^^^^[0m

exit: 1
=================================
FILE: errors/casting/001.ura

// errors/casting/001 — cannot cast a struct value to int via `as`
use "@/header"

struct Point:
    x int
    y int

main():
    p Point
    n int = p as int
    output(n, "\n")

--- output ---
[1m[0;31merror: [0mcannot cast STRUCT_CALL to INT
   [1m[34m-->[0m /Users/hrimamohammed/Desktop/personal/ura-lang/src/tests/errors/casting/001.ura:10:15
   [1m[34m|[0m
[1m[34m10 |[0m     n int = p as int
   [1m[34m|[0m               [1;31m^^[0m

exit: 1
=================================
FILE: errors/casting/002.ura

// errors/casting/002 — cannot cast int to a struct via `as`
use "@/header"

struct Point:
    x int
    y int

main():
    p Point = 5 as Point
    output(p.x, "\n")

--- output ---
[1m[0;31merror: [0mexpected data type after 'as'
  [1m[34m-->[0m /Users/hrimamohammed/Desktop/personal/ura-lang/src/tests/errors/casting/002.ura:9:17
  [1m[34m|[0m
[1m[34m9 |[0m     p Point = 5 as Point
  [1m[34m|[0m                 [1;31m^^[0m

exit: 1
=================================
FILE: errors/enums/001.ura

// errors/enums/001 — enum field redefined as something else later
use "@/header"

enum Color:
    RED, GREEN, BLUE

main():
    RED int = 99
    output(RED, "\n")

--- output ---
[1m[0;31merror: [0m'RED' shadows a global of the same name
  [1m[34m-->[0m /Users/hrimamohammed/Desktop/personal/ura-lang/src/tests/errors/enums/001.ura:8:9
  [1m[34m|[0m
[1m[34m8 |[0m     RED int = 99
  [1m[34m|[0m         [1;31m^^^[0m

exit: 1
=================================
FILE: errors/functions/001.ura

// errors/functions/001 — function redefinition
use "@/header"

fn greet() void:
    output("hi\n")

fn greet() void:
    output("hello\n")

main():
    greet()

--- output ---
[1m[0;31merror: [0mredefinition of function 'greet'
  [1m[34m-->[0m /Users/hrimamohammed/Desktop/personal/ura-lang/src/tests/errors/functions/001.ura:7:1
  [1m[34m|[0m
[1m[34m7 |[0m fn greet() void:
  [1m[34m|[0m [1;31m^^[0m

exit: 1
=================================
FILE: errors/functions/002.ura

// errors/functions/002 — calling an undefined function
use "@/header"

main():
    do_something(1, 2)

--- output ---
[1m[0;31merror: [0mfunction 'do_something' not found

exit: 1
=================================
FILE: errors/functions/003.ura

// errors/functions/003 — wrong number of arguments
use "@/header"

fn add(a int, b int) int:
    return a + b

main():
    x int = add(1, 2, 3)
    output(x, "\n")

--- output ---
[1m[0;31merror: [0m'add' expects 2 arguments, got 3
  [1m[34m-->[0m /Users/hrimamohammed/Desktop/personal/ura-lang/src/tests/errors/functions/003.ura:8:13
  [1m[34m|[0m
[1m[34m8 |[0m     x int = add(1, 2, 3)
  [1m[34m|[0m             [1;31m^^^[0m

exit: 1
=================================
FILE: errors/functions/004.ura

// errors/functions/004 — argument type mismatch
use "@/header"

fn show(s chars) void:
    output(s, "\n")

main():
    show(42)

--- output ---
[1m[0;31merror: [0m'show' argument 1: cannot pass INT as CHARS — use 'value as CHARS'
  [1m[34m-->[0m /Users/hrimamohammed/Desktop/personal/ura-lang/src/tests/errors/functions/004.ura:8:10
  [1m[34m|[0m
[1m[34m8 |[0m     show(42)
  [1m[34m|[0m          [1;31m^^[0m

exit: 1
=================================
FILE: errors/functions/005.ura

// errors/functions/005 — return type mismatch
use "@/header"

fn compute() int:
    return "hello"

main():
    x int = compute()
    output(x, "\n")

--- output ---
[1m[0;31merror: [0mreturn type mismatch in 'compute': expected INT, got CHARS
  [1m[34m-->[0m /Users/hrimamohammed/Desktop/personal/ura-lang/src/tests/errors/functions/005.ura:5:13
  [1m[34m|[0m
[1m[34m5 |[0m     return "hello"
  [1m[34m|[0m             [1;31m^^^^^[0m

exit: 1
=================================
FILE: errors/functions/006.ura

// errors/functions/006 — non-void function missing return statement
use "@/header"

fn answer() int:
    x int = 42

main():
    output(answer(), "\n")

--- output ---
[1m[0;31merror: [0mexpected return statement in function 'answer'
  [1m[34m-->[0m /Users/hrimamohammed/Desktop/personal/ura-lang/src/tests/errors/functions/006.ura:4:1
  [1m[34m|[0m
[1m[34m4 |[0m fn answer() int:
  [1m[34m|[0m [1;31m^^[0m

exit: 1
=================================
FILE: errors/functions/007.ura

// errors/functions/007 — duplicate parameter name
use "@/header"

fn add(a int, a int) int:
    return a

main():
    output(add(1, 2), "\n")

--- output ---
[1m[0;31merror: [0mredefinition of 'a'
  [1m[34m-->[0m /Users/hrimamohammed/Desktop/personal/ura-lang/src/tests/errors/functions/007.ura:4:15
  [1m[34m|[0m
[1m[34m4 |[0m fn add(a int, a int) int:
  [1m[34m|[0m               [1;31m^[0m

exit: 1
=================================
FILE: errors/functions/008.ura

// errors/functions/008 — `ref` parameter requires a named variable
use "@/header"

fn bump(n int ref) void:
    n += 1

main():
    bump(5)

--- output ---
[1m[0;31merror: [0m'n': ref parameter requires a named variable
  [1m[34m-->[0m /Users/hrimamohammed/Desktop/personal/ura-lang/src/tests/errors/functions/008.ura:8:10
  [1m[34m|[0m
[1m[34m8 |[0m     bump(5)
  [1m[34m|[0m          [1;31m^[0m

exit: 1
=================================
FILE: errors/lexer/001.ura

// parse_errors/001 — unterminated string literal
use "@/header"

main():
    output("hello)
--- output ---
[1m[0;31merror: [0munterminated string literal, expected '"'
  [1m[34m-->[0m /Users/hrimamohammed/Desktop/personal/ura-lang/src/tests/errors/lexer/001.ura:5:12
  [1m[34m|[0m
[1m[34m5 |[0m     output("hello)
  [1m[34m|[0m            [1;31m^[0m

exit: 1
=================================
FILE: errors/lexer/002.ura

// parse_errors/002 — unterminated char literal
use "@/header"

main():
    c char = 'a
--- output ---
[1m[0;31merror: [0munterminated character literal, expected "'"
  [1m[34m-->[0m /Users/hrimamohammed/Desktop/personal/ura-lang/src/tests/errors/lexer/002.ura:5:14
  [1m[34m|[0m
[1m[34m5 |[0m     c char = 'a
  [1m[34m|[0m              [1;31m^[0m

exit: 1
=================================
FILE: errors/lexer/003.ura

// parse_errors/003 — unterminated block comment
use "@/header"

/* this comment never closes
main():
    output("hi\n")
--- output ---
[1m[0;31merror: [0munterminated block comment, expected '*/'
  [1m[34m-->[0m /Users/hrimamohammed/Desktop/personal/ura-lang/src/tests/errors/lexer/003.ura:6:1
  [1m[34m|[0m
[1m[34m6 |[0m /* this comment never closes
  [1m[34m|[0m [1;31m^^[0m

exit: 1
=================================
FILE: errors/lexer/004.ura

// parse_errors/004 — unknown character in source
use "@/header"

main():
    a int = 5 # 1
--- output ---
[1m[0;31merror: [0munexpected character '#'
  [1m[34m-->[0m /Users/hrimamohammed/Desktop/personal/ura-lang/src/tests/errors/lexer/004.ura:5:15
  [1m[34m|[0m
[1m[34m5 |[0m     a int = 5 # 1
  [1m[34m|[0m               [1;31m^[0m

exit: 1
=================================
FILE: errors/lexer/005.ura

// parse_errors/005 — `use` missing opening quote
use @/header

main():
    output("hi\n")
--- output ---
[1m[0;31merror: [0mexpected '"' after `use`
  [1m[34m-->[0m /Users/hrimamohammed/Desktop/personal/ura-lang/src/tests/errors/lexer/005.ura:2:5
  [1m[34m|[0m
[1m[34m2 |[0m use @/header
  [1m[34m|[0m     [1;31m^[0m

exit: 1
=================================
FILE: errors/lexer/006.ura

// parse_errors/006 — `use` with unclosed quote
use "@/header

main():
    output("hi\n")
--- output ---
[1m[0;31merror: [0munterminated `use` path, expected closing '"'
  [1m[34m-->[0m /Users/hrimamohammed/Desktop/personal/ura-lang/src/tests/errors/lexer/006.ura:2:5
  [1m[34m|[0m
[1m[34m2 |[0m use "@/header
  [1m[34m|[0m     [1;31m^[0m

exit: 1
=================================
FILE: errors/lexer/007.ura

// parse_errors/026 — use un existing file
use "@/headerd"

fn greet():
    output("hi\n")

main():
    greet()
--- output ---
[1m[0;31merror: [0mcannot find file '/Users/hrimamohammed/Desktop/personal/ura-lang/src/ura-lib//headerd.ura'

exit: 1
=================================
FILE: errors/lexer/008.ura

// errors/lexer/008 — `link` missing opening quote
link header.h

main():
    output("hi\n")

--- output ---
[1m[0;31merror: [0mexpected '"' after `link`
  [1m[34m-->[0m /Users/hrimamohammed/Desktop/personal/ura-lang/src/tests/errors/lexer/008.ura:2:6
  [1m[34m|[0m
[1m[34m2 |[0m link header.h
  [1m[34m|[0m      [1;31m^[0m

exit: 1
=================================
FILE: errors/lexer/009.ura

// errors/lexer/009 — `link` with unclosed quote
link "header.h

main():
    output("hi\n")

--- output ---
[1m[0;31merror: [0munterminated `link` path, expected closing '"'
  [1m[34m-->[0m /Users/hrimamohammed/Desktop/personal/ura-lang/src/tests/errors/lexer/009.ura:2:6
  [1m[34m|[0m
[1m[34m2 |[0m link "header.h
  [1m[34m|[0m      [1;31m^[0m

exit: 1
=================================
FILE: errors/lexer/010.ura

// errors/lexer/010 — char literal containing more than one character
use "@/header"

main():
    c char = 'ab'
    output(c, "\n")

--- output ---
[1m[0;31merror: [0munterminated character literal, expected "'"
  [1m[34m-->[0m /Users/hrimamohammed/Desktop/personal/ura-lang/src/tests/errors/lexer/010.ura:5:14
  [1m[34m|[0m
[1m[34m5 |[0m     c char = 'ab'
  [1m[34m|[0m              [1;31m^[0m

exit: 1
=================================
FILE: errors/lexer/011.ura

// errors/lexer/011 — unknown escape sequence in char literal
use "@/header"

main():
    c char = '\q'
    output(c, "\n")

--- output ---
[1m[0;31merror: [0munknown escape character: \q
  [1m[34m-->[0m /Users/hrimamohammed/Desktop/personal/ura-lang/src/tests/errors/lexer/011.ura:5:15
  [1m[34m|[0m
[1m[34m5 |[0m     c char = '\q'
  [1m[34m|[0m               [1;31m^^[0m

exit: 1
=================================
FILE: errors/lists/001.ura

// errors/lists/001 — list of unknown element type
use "@/header"

main():
    items list[Widget]
    output("hi\n")

--- output ---
[1m[0;31merror: [0m'items' not found

exit: 1
=================================
FILE: errors/modules/001.ura

// parse_errors/020 — `mod` declaration missing identifier
use "@/header"

mod:
    fn ping() void:
        return

main():
    output("hi\n")
--- output ---
[1m[0;31merror: [0mexpected module identifier after `mod`
  [1m[34m-->[0m /Users/hrimamohammed/Desktop/personal/ura-lang/src/tests/errors/modules/001.ura:4:1
  [1m[34m|[0m
[1m[34m4 |[0m mod:
  [1m[34m|[0m [1;31m^^^[0m

exit: 1
=================================
FILE: errors/modules/002.ura

// parse_errors/025 — only function declarations allowed inside `mod`
use "@/header"

mod util:
    x int = 5

main():
    output("hi\n")
--- output ---
[1m[0;31merror: [0monly function/struct declarations are allowed inside `mod`
  [1m[34m-->[0m /Users/hrimamohammed/Desktop/personal/ura-lang/src/tests/errors/modules/002.ura:5:11
  [1m[34m|[0m
[1m[34m5 |[0m     x int = 5
  [1m[34m|[0m           [1;31m^[0m

exit: 1
=================================
FILE: errors/modules/003.ura

// errors/modules/003 — calling a function that doesn't exist on a module
use "@/header"

mod util:
    fn ping() void:
        output("pong\n")

main():
    util.unknown()

--- output ---
[1m[0;31merror: [0m'util' not found

exit: 1
=================================
FILE: errors/operators/001.ura

// errors/operators/001 — `operator` outside a struct definition
use "@/header"

operator + (a int, b int) int:
    return a + b

main():
    output("hi\n")

--- output ---
[1m[0;31merror: [0munexpected token in expression
  [1m[34m-->[0m /Users/hrimamohammed/Desktop/personal/ura-lang/src/tests/errors/operators/001.ura:4:1
  [1m[34m|[0m
[1m[34m4 |[0m operator + (a int, b int) int:
  [1m[34m|[0m [1;31m^^^^^^^^[0m

exit: 1
=================================
FILE: errors/operators/002.ura

// errors/operators/002 — `operator` missing operator symbol
use "@/header"

struct Vec:
    x int

    operator () Vec:
        return self

main():
    v Vec
    v.x = 1

--- output ---
[1m[0;31merror: [0mstruct 'Vec': expected operator symbol after `operator`
  [1m[34m-->[0m /Users/hrimamohammed/Desktop/personal/ura-lang/src/tests/errors/operators/002.ura:7:5
  [1m[34m|[0m
[1m[34m7 |[0m     operator () Vec:
  [1m[34m|[0m     [1;31m^^^^^^^^[0m

exit: 1
=================================
FILE: errors/operators/003.ura

// errors/operators/003 — adding two structs without an `operator +` overload
use "@/header"

struct Vec:
    x int
    y int

main():
    a Vec
    b Vec
    c Vec = a + b
    output(c.x, "\n")

--- output ---
[1m[0;31merror: [0mno `operator ADD` overload for struct 'Vec'
   [1m[34m-->[0m /Users/hrimamohammed/Desktop/personal/ura-lang/src/tests/errors/operators/003.ura:11:15
   [1m[34m|[0m
[1m[34m11 |[0m     c Vec = a + b
   [1m[34m|[0m               [1;31m^[0m

exit: 1
=================================
FILE: errors/refs/001.ura

// parse_errors/017 — `ref` variable must be initialized at declaration
use "@/header"

struct Point:
    x int
    y int

main():
    p Point
    r Point ref
--- output ---
[1m[0;31merror: [0m'r': ref must be initialized at declaration
   [1m[34m-->[0m /Users/hrimamohammed/Desktop/personal/ura-lang/src/tests/errors/refs/001.ura:10:5
   [1m[34m|[0m
[1m[34m10 |[0m     r Point ref
   [1m[34m|[0m     [1;31m^[0m

exit: 1
=================================
FILE: errors/refs/002.ura

// errors/refs/002 — ref of mismatched type
use "@/header"

main():
    x int = 5
    y chars ref = x
    output(y, "\n")

--- output ---
[1m[0;31merror: [0mtype mismatch: cannot assign INT to CHARS
  [1m[34m-->[0m /Users/hrimamohammed/Desktop/personal/ura-lang/src/tests/errors/refs/002.ura:6:17
  [1m[34m|[0m
[1m[34m6 |[0m     y chars ref = x
  [1m[34m|[0m                 [1;31m^[0m

exit: 1
=================================
FILE: errors/structs/001.ura

// parse_errors/019 — `pub` inside struct must be followed by `fn`
use "@/header"

struct Counter:
    n int

    pub n int

main():
    output("hi\n")
--- output ---
[1m[0;31merror: [0mstruct 'Counter': expected `fn` after `pub`
  [1m[34m-->[0m /Users/hrimamohammed/Desktop/personal/ura-lang/src/tests/errors/structs/001.ura:7:5
  [1m[34m|[0m
[1m[34m7 |[0m     pub n int
  [1m[34m|[0m     [1;31m^^^[0m

exit: 1
=================================
FILE: errors/structs/002.ura

// errors/structs/002 — struct redefinition
use "@/header"

struct Point:
    x int
    y int

struct Point:
    a int
    b int

main():
    output("hi\n")

--- output ---
[1m[0;31merror: [0mredefinition of struct 'Point'
  [1m[34m-->[0m /Users/hrimamohammed/Desktop/personal/ura-lang/src/tests/errors/structs/002.ura:8:1
  [1m[34m|[0m
[1m[34m8 |[0m struct Point:
  [1m[34m|[0m [1;31m^^^^^^[0m

exit: 1
=================================
FILE: errors/structs/003.ura

// errors/structs/003 — destructor must take no parameters
use "@/header"

struct Box:
    value int

    operator delete(extra int) void:
        return

main():
    b Box
    b.value = 1

--- output ---
[1m[0;31merror: [0mstruct 'Box': operator delete takes no parameters
  [1m[34m-->[0m /Users/hrimamohammed/Desktop/personal/ura-lang/src/tests/errors/structs/003.ura:7:5
  [1m[34m|[0m
[1m[34m7 |[0m     operator delete(extra int) void:
  [1m[34m|[0m     [1;31m^^^^^^^^[0m

exit: 1
=================================
FILE: errors/structs/004.ura

// errors/structs/004 — destructor must return void
use "@/header"

struct Box:
    value int

    operator delete() int:
        return 0

main():
    b Box
    b.value = 1

--- output ---
[1m[0;31merror: [0mstruct 'Box': operator delete must return void
  [1m[34m-->[0m /Users/hrimamohammed/Desktop/personal/ura-lang/src/tests/errors/structs/004.ura:7:5
  [1m[34m|[0m
[1m[34m7 |[0m     operator delete() int:
  [1m[34m|[0m     [1;31m^^^^^^^^[0m

exit: 1
=================================
FILE: errors/structs/005.ura

// errors/structs/005 — instance method called via `::` instead of `.`
use "@/header"

struct Counter:
    n int

    fn bump() void:
        self.n += 1

main():
    c Counter
    c.n = 0
    Counter::bump()

--- output ---
[1m[0;31merror: [0m'Counter.bump' is not a `pub fn` — call it with '.' instead of '::'
   [1m[34m-->[0m /Users/hrimamohammed/Desktop/personal/ura-lang/src/tests/errors/structs/005.ura:13:14
   [1m[34m|[0m
[1m[34m13 |[0m     Counter::bump()
   [1m[34m|[0m              [1;31m^^^^[0m

exit: 1
=================================
FILE: errors/structs/006.ura

// errors/structs/006 — `pub fn` called via `.` instead of `::`
use "@/header"

struct Maker:
    n int

    pub fn make() Maker:
        m Maker
        m.n = 1
        return m

main():
    m Maker
    m.n = 0
    m.make()

--- output ---
[1m[0;31merror: [0m'Maker.make' is a `pub fn` — call it with '::' instead of '.'
   [1m[34m-->[0m /Users/hrimamohammed/Desktop/personal/ura-lang/src/tests/errors/structs/006.ura:15:7
   [1m[34m|[0m
[1m[34m15 |[0m     m.make()
   [1m[34m|[0m       [1;31m^^^^[0m

exit: 1
=================================
FILE: errors/structs/007.ura

// errors/structs/007 — accessing an undefined field
use "@/header"

struct Point:
    x int
    y int

main():
    p Point
    p.x = 1
    p.z = 5

--- output ---
[1m[0;31merror: [0m'Point' has no field 'z'
   [1m[34m-->[0m /Users/hrimamohammed/Desktop/personal/ura-lang/src/tests/errors/structs/007.ura:11:7
   [1m[34m|[0m
[1m[34m11 |[0m     p.z = 5
   [1m[34m|[0m       [1;31m^[0m

exit: 1
=================================
FILE: errors/structs/008.ura

// errors/structs/008 — calling undefined method on struct
use "@/header"

struct Point:
    x int
    y int

main():
    p Point
    p.x = 1
    p.normalize()

--- output ---
[1m[0;31merror: [0mfunction 'Point.normalize' not found

exit: 1
=================================
FILE: errors/syntax/001.ura

// parse_errors/007 — `as` cast missing target type
use "@/header"

main():
    a int = 5 as
--- output ---
[1m[0;31merror: [0munexpected token in expression
  [1m[34m-->[0m /Users/hrimamohammed/Desktop/personal/ura-lang/src/tests/errors/syntax/001.ura:5:15
  [1m[34m|[0m
[1m[34m5 |[0m     a int = 5 as
  [1m[34m|[0m               [1;31m^^[0m
[1m[0;31merror: [0mexpected data type after 'as'
  [1m[34m-->[0m /Users/hrimamohammed/Desktop/personal/ura-lang/src/tests/errors/syntax/001.ura:5:15
  [1m[34m|[0m
[1m[34m5 |[0m     a int = 5 as
  [1m[34m|[0m               [1;31m^^[0m

exit: 1
=================================
FILE: errors/syntax/002.ura

// parse_errors/008 — `pub fn` outside a struct definition
use "@/header"

pub fn helper() void:
    return

main():
    helper()
--- output ---
[1m[0;31merror: [0m'pub' is only valid inside struct definitions
  [1m[34m-->[0m /Users/hrimamohammed/Desktop/personal/ura-lang/src/tests/errors/syntax/002.ura:4:1
  [1m[34m|[0m
[1m[34m4 |[0m pub fn helper() void:
  [1m[34m|[0m [1;31m^^^[0m

exit: 1
=================================
FILE: errors/syntax/003.ura

// parse_errors/009 — member access with no member name after `.`
use "@/header"

struct Point:
    x int
    y int

main():
    p Point
    p.
--- output ---
[1m[0;31merror: [0munexpected token in expression
   [1m[34m-->[0m /Users/hrimamohammed/Desktop/personal/ura-lang/src/tests/errors/syntax/003.ura:10:6
   [1m[34m|[0m
[1m[34m10 |[0m     p.
   [1m[34m|[0m      [1;31m^[0m

exit: 1
=================================
FILE: errors/syntax/004.ura

// parse_errors/010 — empty index expression `[]`
use "@/header"

main():
    arr array[int] = stack[int](3)
    x int = arr[]
--- output ---
[1m[0;31merror: [0munexpected token in expression
  [1m[34m-->[0m /Users/hrimamohammed/Desktop/personal/ura-lang/src/tests/errors/syntax/004.ura:6:17
  [1m[34m|[0m
[1m[34m6 |[0m     x int = arr[]
  [1m[34m|[0m                 [1;31m^[0m
[1m[0;31merror: [0mexpected ']' to close index access
  [1m[34m-->[0m /Users/hrimamohammed/Desktop/personal/ura-lang/src/tests/errors/syntax/004.ura:6:16
  [1m[34m|[0m
[1m[34m6 |[0m     x int = arr[]
  [1m[34m|[0m                [1;31m^[0m

exit: 1
=================================
FILE: errors/syntax/005.ura

// parse_errors/011 — index expression missing closing `]`
use "@/header"

main():
    arr array[int] = stack[int](3)
    x int = arr[0
--- output ---
[1m[0;31merror: [0mexpected ']' to close index access
  [1m[34m-->[0m /Users/hrimamohammed/Desktop/personal/ura-lang/src/tests/errors/syntax/005.ura:6:16
  [1m[34m|[0m
[1m[34m6 |[0m     x int = arr[0
  [1m[34m|[0m                [1;31m^[0m

exit: 1
=================================
FILE: errors/syntax/006.ura

// parse_errors/012 — `::` must be followed by a function call
use "@/header"

main():
    s String = String::new
--- output ---
[1m[0;31merror: [0mexpected function call after '::'
  [1m[34m-->[0m /Users/hrimamohammed/Desktop/personal/ura-lang/src/tests/errors/syntax/006.ura:5:22
  [1m[34m|[0m
[1m[34m5 |[0m     s String = String::new
  [1m[34m|[0m                      [1;31m^^[0m

exit: 1
=================================
FILE: errors/syntax/007.ura

// parse_errors/013 — `fn` declaration missing trailing `:`
use "@/header"

fn answer() int
    return 42

main():
    output(answer(), "\n")
--- output ---
[1m[0;31merror: [0mexpected ':' after function declaration
  [1m[34m-->[0m /Users/hrimamohammed/Desktop/personal/ura-lang/src/tests/errors/syntax/007.ura:4:1
  [1m[34m|[0m
[1m[34m4 |[0m fn answer() int
  [1m[34m|[0m [1;31m^^[0m

exit: 1
=================================
FILE: errors/syntax/008.ura

// parse_errors/014 — `fn` declaration missing identifier
use "@/header"

fn () int:
    return 0

main():
    output("hi\n")
--- output ---
[1m[0;31merror: [0mexpected identifier after `fn` keyword
  [1m[34m-->[0m /Users/hrimamohammed/Desktop/personal/ura-lang/src/tests/errors/syntax/008.ura:4:1
  [1m[34m|[0m
[1m[34m4 |[0m fn () int:
  [1m[34m|[0m [1;31m^^[0m

exit: 1
=================================
FILE: errors/syntax/009.ura

// parse_errors/015 — function argument missing data type
use "@/header"

fn add(a, b int) int:
    return a + b

main():
    output(add(1, 2), "\n")
--- output ---
[1m[0;31merror: [0mexpected type for parameter 'a'
  [1m[34m-->[0m /Users/hrimamohammed/Desktop/personal/ura-lang/src/tests/errors/syntax/009.ura:4:8
  [1m[34m|[0m
[1m[34m4 |[0m fn add(a, b int) int:
  [1m[34m|[0m        [1;31m^[0m

exit: 1
=================================
FILE: errors/syntax/010.ura

// parse_errors/018 — `array` type missing closing `]`
use "@/header"

main():
    arr array[int = stack[int](3)
    arr[0] = 1
--- output ---
[1m[0;31merror: [0mexpected ']' to close array type
  [1m[34m-->[0m /Users/hrimamohammed/Desktop/personal/ura-lang/src/tests/errors/syntax/010.ura:5:9
  [1m[34m|[0m
[1m[34m5 |[0m     arr array[int = stack[int](3)
  [1m[34m|[0m         [1;31m^^^^^[0m

exit: 1
=================================
FILE: errors/syntax/011.ura

// parse_errors/021 — function call missing closing `)`
use "@/header"

fn add(a int, b int) int:
    return a + b

main():
    x int = add(1, 2
--- output ---
[1m[0;31merror: [0mexpected ')' to close function call
  [1m[34m-->[0m /Users/hrimamohammed/Desktop/personal/ura-lang/src/tests/errors/syntax/011.ura:8:13
  [1m[34m|[0m
[1m[34m8 |[0m     x int = add(1, 2
  [1m[34m|[0m             [1;31m^^^[0m

exit: 1
=================================
FILE: errors/syntax/012.ura

// parse_errors/022 — only declarations allowed at top level
use "@/header"

42

main():
    output("hi\n")
--- output ---
[1m[0;31merror: [0monly declarations are allowed at top level
  [1m[34m-->[0m /Users/hrimamohammed/Desktop/personal/ura-lang/src/tests/errors/syntax/012.ura:4:1
  [1m[34m|[0m
[1m[34m4 |[0m 42
  [1m[34m|[0m [1;31m^^[0m

exit: 1
=================================
FILE: errors/syntax/013.ura

// parse_errors/024 — fn declaration missing return type before `:`
use "@/header"

fn greet():
    output("hi\n")

main():
    greet()
--- output ---
[1m[0;31merror: [0mexpected return type after function declaration
  [1m[34m-->[0m /Users/hrimamohammed/Desktop/personal/ura-lang/src/tests/errors/syntax/013.ura:4:1
  [1m[34m|[0m
[1m[34m4 |[0m fn greet():
  [1m[34m|[0m [1;31m^^[0m

exit: 1
=================================
FILE: errors/syntax/014.ura

// errors/syntax/014 — `if` missing `:` after condition
use "@/header"

main():
    x int = 5
    if x > 0
        output("positive\n")

--- output ---
[1m[0;31merror: [0mexpected ':' after `if` condition
  [1m[34m-->[0m /Users/hrimamohammed/Desktop/personal/ura-lang/src/tests/errors/syntax/014.ura:6:5
  [1m[34m|[0m
[1m[34m6 |[0m     if x > 0
  [1m[34m|[0m     [1;31m^^[0m

exit: 1
=================================
FILE: errors/syntax/015.ura

// errors/syntax/015 — `while` missing `:` after condition
use "@/header"

main():
    i int = 0
    while i < 3
        i += 1

--- output ---
[1m[0;31merror: [0mexpected ':' after `while` condition
  [1m[34m-->[0m /Users/hrimamohammed/Desktop/personal/ura-lang/src/tests/errors/syntax/015.ura:6:5
  [1m[34m|[0m
[1m[34m6 |[0m     while i < 3
  [1m[34m|[0m     [1;31m^^^^^[0m

exit: 1
=================================
FILE: errors/syntax/016.ura

// errors/syntax/016 — `proto` not followed by `fn` or `struct`
use "@/header"

proto x int

main():
    output("hi\n")

--- output ---
[1m[0;31merror: [0mexpected `fn` or `struct` after `proto`
  [1m[34m-->[0m /Users/hrimamohammed/Desktop/personal/ura-lang/src/tests/errors/syntax/016.ura:4:1
  [1m[34m|[0m
[1m[34m4 |[0m proto x int
  [1m[34m|[0m [1;31m^^^^^[0m

exit: 1
=================================
FILE: errors/syntax/017.ura

// errors/syntax/017 — `enum` missing identifier
use "@/header"

enum:
    RED, GREEN, BLUE

main():
    output("hi\n")

--- output ---
[1m[0;31merror: [0mexpected identifier after `enum`
  [1m[34m-->[0m /Users/hrimamohammed/Desktop/personal/ura-lang/src/tests/errors/syntax/017.ura:4:1
  [1m[34m|[0m
[1m[34m4 |[0m enum:
  [1m[34m|[0m [1;31m^^^^[0m

exit: 1
=================================
FILE: errors/syntax/018.ura

// errors/syntax/018 — `struct` missing identifier
use "@/header"

struct:
    x int
    y int

main():
    output("hi\n")

--- output ---
[1m[0;31merror: [0mexpected identifier after `struct`
  [1m[34m-->[0m /Users/hrimamohammed/Desktop/personal/ura-lang/src/tests/errors/syntax/018.ura:4:1
  [1m[34m|[0m
[1m[34m4 |[0m struct:
  [1m[34m|[0m [1;31m^^^^^^[0m

exit: 1
=================================
FILE: errors/syntax/019.ura

// errors/syntax/019 — `enum` field declared at wrong indent (missing comma)
use "@/header"

enum Color:
    RED
    GREEN
    BLUE

main():
    output("hi\n")

--- output ---
[1m[0;31merror: [0monly declarations are allowed at top level
  [1m[34m-->[0m /Users/hrimamohammed/Desktop/personal/ura-lang/src/tests/errors/syntax/019.ura:6:5
  [1m[34m|[0m
[1m[34m6 |[0m     GREEN
  [1m[34m|[0m     [1;31m^^^^^[0m

exit: 1
=================================
FILE: errors/tuples/001.ura

// errors/tuples/001 — tuple unpack count mismatch
use "@/header"

fn pair() (int, int):
    return 1, 2

main():
    a int, b int, c int = pair()
    output(a, "\n")

--- output ---
[1m[0;31merror: [0mtuple unpack expects 2 values, got 3 names

exit: 1
=================================
FILE: errors/tuples/002.ura

// errors/tuples/002 — tuple unpack type mismatch
use "@/header"

fn pair() (int, int):
    return 1, 2

main():
    a int, b chars = pair()
    output(a, "\n")

--- output ---
[1m[0;31merror: [0mtuple unpack element 2: expected INT, got CHARS
  [1m[34m-->[0m /Users/hrimamohammed/Desktop/personal/ura-lang/src/tests/errors/tuples/002.ura:8:14
  [1m[34m|[0m
[1m[34m8 |[0m     a int, b chars = pair()
  [1m[34m|[0m              [1;31m^^^^^[0m

exit: 1
=================================
FILE: errors/types/001.ura

// parse_errors/016 — unknown struct type referenced in function argument
use "@/header"

fn process(p Widget) void:
    return

main():
    output("hi\n")
--- output ---
[1m[0;31merror: [0munknown type 'Widget'
  [1m[34m-->[0m /Users/hrimamohammed/Desktop/personal/ura-lang/src/tests/errors/types/001.ura:4:14
  [1m[34m|[0m
[1m[34m4 |[0m fn process(p Widget) void:
  [1m[34m|[0m              [1;31m^^^^^^[0m

exit: 1
=================================
FILE: errors/types/002.ura

// parse_errors/023 — unknown struct used as return type
use "@/header"

fn make() Widget:
    w Widget
    return w

main():
    output("hi\n")
--- output ---
[1m[0;31merror: [0munknown return type 'Widget'
  [1m[34m-->[0m /Users/hrimamohammed/Desktop/personal/ura-lang/src/tests/errors/types/002.ura:4:11
  [1m[34m|[0m
[1m[34m4 |[0m fn make() Widget:
  [1m[34m|[0m           [1;31m^^^^^^[0m

exit: 1
=================================
FILE: errors/types/003.ura

// errors/types/003 — unknown type in variable declaration
use "@/header"

main():
    x Widget
    output("hi\n")

--- output ---
[1m[0;31merror: [0m'x' not found

exit: 1
=================================
FILE: errors/types/004.ura

// errors/types/004 — type mismatch in assignment
use "@/header"

main():
    x int = "hello"
    output(x, "\n")

--- output ---
[1m[0;31merror: [0mtype mismatch: cannot assign CHARS to INT
  [1m[34m-->[0m /Users/hrimamohammed/Desktop/personal/ura-lang/src/tests/errors/types/004.ura:5:11
  [1m[34m|[0m
[1m[34m5 |[0m     x int = "hello"
  [1m[34m|[0m           [1;31m^[0m

exit: 1
=================================
FILE: errors/types/005.ura

// errors/types/005 — assigning struct value to int variable
use "@/header"

struct Point:
    x int
    y int

main():
    p Point
    n int = p
    output(n, "\n")

--- output ---
[1m[0;31merror: [0mtype mismatch: cannot assign STRUCT_CALL to INT
   [1m[34m-->[0m /Users/hrimamohammed/Desktop/personal/ura-lang/src/tests/errors/types/005.ura:10:11
   [1m[34m|[0m
[1m[34m10 |[0m     n int = p
   [1m[34m|[0m           [1;31m^[0m

exit: 1
=================================
FILE: errors/variables/001.ura

// errors/variables/001 — variable redefinition in same scope
use "@/header"

main():
    x int = 5
    x int = 10
    output(x, "\n")

--- output ---
[1m[0;31merror: [0mredefinition of 'x'
  [1m[34m-->[0m /Users/hrimamohammed/Desktop/personal/ura-lang/src/tests/errors/variables/001.ura:6:7
  [1m[34m|[0m
[1m[34m6 |[0m     x int = 10
  [1m[34m|[0m       [1;31m^^^[0m

exit: 1
=================================
FILE: errors/variables/002.ura

// errors/variables/002 — using an undefined variable
use "@/header"

main():
    x int = 5
    output(y, "\n")

--- output ---
[1m[0;31merror: [0m'y' not found

exit: 1
=================================
FILE: errors/variables/003.ura

// errors/variables/003 — assigning to a variable that was never declared
use "@/header"

main():
    score = 100
    output(score, "\n")

--- output ---
[1m[0;31merror: [0m'score' not found

exit: 1
=================================
FILE: errors/variables/004.ura

// errors/variables/004 — using variable from inner scope after it left scope
use "@/header"

main():
    x int = 1
    if x > 0:
        y int = 5
    output(y, "\n")

--- output ---
[1m[0;31merror: [0m'y' not found

exit: 1
=================================
FILE: errors/variables/005.ura

// errors/variables/005 — global variable redefinition
use "@/header"

score int = 0
score int = 10

main():
    output(score, "\n")

--- output ---
[1m[0;31merror: [0mredefinition of 'score'
  [1m[34m-->[0m /Users/hrimamohammed/Desktop/personal/ura-lang/src/tests/errors/variables/005.ura:5:7
  [1m[34m|[0m
[1m[34m5 |[0m score int = 10
  [1m[34m|[0m       [1;31m^^^[0m

exit: 1
=================================
